<?xml version="1.0" encoding="UTF-8"?>
<testsuite xmlns:xsi="http://www.w3.org/2001/XMLSchema-instance" xsi:noNamespaceSchemaLocation="https://maven.apache.org/surefire/maven-surefire-plugin/xsd/surefire-test-report-3.0.xsd" version="3.0" name="MainTest" time="0.015" tests="1" errors="0" skipped="0" failures="0">
  <properties>
[...]
</properties>
  <testcase name="testMainMethodExecution" classname="MainTest" time="0.012">
    <system-out><![CDATA[Rectangle:
Area: 50.0
Perimeter: 30.0
Color: Red: 255, Green: 0, Blue: 0, Alpha: 255

Triangle:
Area: 6.0
Perimeter: 12.0
Color: Red: 0, Green: 0, Blue: 255, Alpha: 128

Green Rectangle:
Area: 56.0
Perimeter: 30.0
Color: Red: 0, Green: 255, Blue: 0, Alpha: 255
]]></system-out>
  </testcase>
</testsuite>